<?xml version="1.0" encoding="UTF-8"?>
<!-- Generated by org.testng.reporters.JUnitReportReporter -->
<testsuite hostname="DESKTOP-F8KO35U" failures="0" tests="1" name="cucumberOptions.TestNgTestRunner" time="28.441" errors="0" timestamp="2024-12-26T18:41:49 IST" skipped="0">
  <testcase classname="cucumberOptions.TestNgTestRunner" name="runScenario" time="28.441"/>
</testsuite> <!-- cucumberOptions.TestNgTestRunner -->
